This file contains any messages produced by compilers while
running configure, to aid debugging if configure makes a mistake.

It was created by configure, which was
generated by GNU Autoconf 2.63.  Invocation command line was

  $ ./configure 

## --------- ##
## Platform. ##
## --------- ##

hostname = mdws2.mdwestserve.com
uname -m = x86_64
uname -r = 2.6.32-358.6.1.el6.x86_64
uname -s = Linux
uname -v = #1 SMP Tue Apr 23 19:29:00 UTC 2013

/usr/bin/uname -p = unknown
/bin/uname -X     = unknown

/bin/arch              = x86_64
/usr/bin/arch -k       = unknown
/usr/convex/getsysinfo = unknown
/usr/bin/hostinfo      = unknown
/bin/machine           = unknown
/usr/bin/oslevel       = unknown
/bin/universe          = unknown

PATH: /usr/lib64/qt-3.3/bin
PATH: /usr/local/sbin
PATH: /usr/local/bin
PATH: /sbin
PATH: /bin
PATH: /usr/sbin
PATH: /usr/bin
PATH: /root/bin
PATH: /usr/bin


## ----------- ##
## Core tests. ##
## ----------- ##

configure:1998: checking for grep that handles long lines and -e
configure:2058: result: /bin/grep
configure:2063: checking for egrep
configure:2127: result: /bin/grep -E
configure:2132: checking for a sed that does not truncate output
configure:2198: result: /bin/sed
configure:2332: checking for cc
configure:2348: found /usr/bin/cc
configure:2359: result: cc
configure:2393: checking for C compiler version
configure:2401: cc --version >&5
cc (GCC) 4.4.7 20120313 (Red Hat 4.4.7-3)
Copyright (C) 2010 Free Software Foundation, Inc.
This is free software; see the source for copying conditions.  There is NO
warranty; not even for MERCHANTABILITY or FITNESS FOR A PARTICULAR PURPOSE.

configure:2405: $? = 0
configure:2412: cc -v >&5
Using built-in specs.
Target: x86_64-redhat-linux
Configured with: ../configure --prefix=/usr --mandir=/usr/share/man --infodir=/usr/share/info --with-bugurl=http://bugzilla.redhat.com/bugzilla --enable-bootstrap --enable-shared --enable-threads=posix --enable-checking=release --with-system-zlib --enable-__cxa_atexit --disable-libunwind-exceptions --enable-gnu-unique-object --enable-languages=c,c++,objc,obj-c++,java,fortran,ada --enable-java-awt=gtk --disable-dssi --with-java-home=/usr/lib/jvm/java-1.5.0-gcj-1.5.0.0/jre --enable-libgcj-multifile --enable-java-maintainer-mode --with-ecj-jar=/usr/share/java/eclipse-ecj.jar --disable-libjava-multilib --with-ppl --with-cloog --with-tune=generic --with-arch_32=i686 --build=x86_64-redhat-linux
Thread model: posix
gcc version 4.4.7 20120313 (Red Hat 4.4.7-3) (GCC) 
configure:2416: $? = 0
configure:2423: cc -V >&5
cc: '-V' option must have argument
configure:2427: $? = 1
configure:2450: checking for C compiler default output file name
configure:2472: cc    conftest.c  >&5
configure:2476: $? = 0
configure:2514: result: a.out
configure:2533: checking whether the C compiler works
configure:2543: ./a.out
configure:2547: $? = 0
configure:2566: result: yes
configure:2573: checking whether we are cross compiling
configure:2575: result: no
configure:2578: checking for suffix of executables
configure:2585: cc -o conftest    conftest.c  >&5
configure:2589: $? = 0
configure:2615: result: 
configure:2621: checking for suffix of object files
configure:2647: cc -c   conftest.c >&5
configure:2651: $? = 0
configure:2676: result: o
configure:2680: checking whether we are using the GNU C compiler
configure:2709: cc -c   conftest.c >&5
configure:2716: $? = 0
configure:2733: result: yes
configure:2742: checking whether cc accepts -g
configure:2772: cc -c -g  conftest.c >&5
configure:2779: $? = 0
configure:2880: result: yes
configure:2897: checking for cc option to accept ISO C89
configure:2971: cc  -c -g -O2  conftest.c >&5
configure:2978: $? = 0
configure:3001: result: none needed
configure:3025: checking how to run the C preprocessor
configure:3065: cc -E  conftest.c
configure:3072: $? = 0
configure:3103: cc -E  conftest.c
conftest.c:8:28: error: ac_nonexistent.h: No such file or directory
configure:3110: $? = 1
configure: failed program was:
| /* confdefs.h.  */
| #define PACKAGE_NAME ""
| #define PACKAGE_TARNAME ""
| #define PACKAGE_VERSION ""
| #define PACKAGE_STRING ""
| #define PACKAGE_BUGREPORT ""
| /* end confdefs.h.  */
| #include <ac_nonexistent.h>
configure:3143: result: cc -E
configure:3172: cc -E  conftest.c
configure:3179: $? = 0
configure:3210: cc -E  conftest.c
conftest.c:8:28: error: ac_nonexistent.h: No such file or directory
configure:3217: $? = 1
configure: failed program was:
| /* confdefs.h.  */
| #define PACKAGE_NAME ""
| #define PACKAGE_TARNAME ""
| #define PACKAGE_VERSION ""
| #define PACKAGE_STRING ""
| #define PACKAGE_BUGREPORT ""
| /* end confdefs.h.  */
| #include <ac_nonexistent.h>
configure:3259: checking for icc
configure:3272: result: no
configure:3286: checking for suncc
configure:3299: result: no
configure:3317: checking whether cc understands -c and -o together
configure:3349: cc -c conftest.c -o conftest2.o >&5
configure:3353: $? = 0
configure:3359: cc -c conftest.c -o conftest2.o >&5
configure:3363: $? = 0
configure:3418: result: yes
configure:3434: checking for system library directory
configure:3449: result: lib
configure:3456: checking if compiler supports -R
configure:3485: cc -o conftest -g -O2   conftest.c -R /usr/lib  >&5
cc: unrecognized option '-R'
/usr/lib: file not recognized: Is a directory
collect2: ld returned 1 exit status
configure:3492: $? = 1
configure: failed program was:
| /* confdefs.h.  */
| #define PACKAGE_NAME ""
| #define PACKAGE_TARNAME ""
| #define PACKAGE_VERSION ""
| #define PACKAGE_STRING ""
| #define PACKAGE_BUGREPORT ""
| /* end confdefs.h.  */
| 
| int
| main ()
| {
| 
|   ;
|   return 0;
| }
configure:3514: result: no
configure:3519: checking if compiler supports -Wl,-rpath,
configure:3548: cc -o conftest -g -O2   conftest.c -Wl,-rpath,/usr/lib  >&5
configure:3555: $? = 0
configure:3577: result: yes
configure:3626: checking build system type
configure:3644: result: x86_64-unknown-linux-gnu
configure:3666: checking host system type
configure:3681: result: x86_64-unknown-linux-gnu
configure:3703: checking target system type
configure:3718: result: x86_64-unknown-linux-gnu
configure:3827: checking for PHP prefix
configure:3829: result: /usr
configure:3831: checking for PHP includes
configure:3833: result: -I/usr/include/php -I/usr/include/php/main -I/usr/include/php/TSRM -I/usr/include/php/Zend -I/usr/include/php/ext -I/usr/include/php/ext/date/lib
configure:3835: checking for PHP extension directory
configure:3837: result: /usr/lib64/php/modules
configure:3839: checking for PHP installed headers prefix
configure:3841: result: /usr/include/php
configure:3844: checking if debug is enabled
configure:3874: result: no
configure:3877: checking if zts is enabled
configure:3907: result: no
configure:3978: checking for re2c
configure:4008: result: no
configure:4033: WARNING: You will need re2c 0.13.4 or later if you want to regenerate PHP parsers.
configure:4047: checking for gawk
configure:4064: found /bin/gawk
configure:4075: result: gawk
configure:4123: checking whether to enable SDO support
configure:4162: result: yes, shared
configure:4174: checking libxml2 install dir
configure:4189: result: no
configure:4203: checking for xml2-config path
configure:4217: result: /usr/bin/xml2-config
configure:4363: checking whether libxml build works
configure:4400: cc -o conftest -g -O2   conftest.c 
           -lxml2 -lz -lm
          >&5
configure:4404: $? = 0
configure:4410: ./conftest
configure:4414: $? = 0
configure:4447: result: yes
configure:4473: checking for swprintf
configure:4529: cc -o conftest -g -O2   conftest.c  >&5
configure:4536: $? = 0
configure:4556: result: yes
configure:4743: checking for g++
configure:4759: found /usr/bin/g++
configure:4770: result: g++
configure:4797: checking for C++ compiler version
configure:4805: g++ --version >&5
g++ (GCC) 4.4.7 20120313 (Red Hat 4.4.7-3)
Copyright (C) 2010 Free Software Foundation, Inc.
This is free software; see the source for copying conditions.  There is NO
warranty; not even for MERCHANTABILITY or FITNESS FOR A PARTICULAR PURPOSE.

configure:4809: $? = 0
configure:4816: g++ -v >&5
Using built-in specs.
Target: x86_64-redhat-linux
Configured with: ../configure --prefix=/usr --mandir=/usr/share/man --infodir=/usr/share/info --with-bugurl=http://bugzilla.redhat.com/bugzilla --enable-bootstrap --enable-shared --enable-threads=posix --enable-checking=release --with-system-zlib --enable-__cxa_atexit --disable-libunwind-exceptions --enable-gnu-unique-object --enable-languages=c,c++,objc,obj-c++,java,fortran,ada --enable-java-awt=gtk --disable-dssi --with-java-home=/usr/lib/jvm/java-1.5.0-gcj-1.5.0.0/jre --enable-libgcj-multifile --enable-java-maintainer-mode --with-ecj-jar=/usr/share/java/eclipse-ecj.jar --disable-libjava-multilib --with-ppl --with-cloog --with-tune=generic --with-arch_32=i686 --build=x86_64-redhat-linux
Thread model: posix
gcc version 4.4.7 20120313 (Red Hat 4.4.7-3) (GCC) 
configure:4820: $? = 0
configure:4827: g++ -V >&5
g++: '-V' option must have argument
configure:4831: $? = 1
configure:4834: checking whether we are using the GNU C++ compiler
configure:4863: g++ -c   conftest.cpp >&5
configure:4870: $? = 0
configure:4887: result: yes
configure:4896: checking whether g++ accepts -g
configure:4926: g++ -c -g  conftest.cpp >&5
configure:4933: $? = 0
configure:5034: result: yes
configure:5062: checking how to run the C++ preprocessor
configure:5098: g++ -E  conftest.cpp
configure:5105: $? = 0
configure:5136: g++ -E  conftest.cpp
conftest.cpp:11:28: error: ac_nonexistent.h: No such file or directory
configure:5143: $? = 1
configure: failed program was:
| /* confdefs.h.  */
| #define PACKAGE_NAME ""
| #define PACKAGE_TARNAME ""
| #define PACKAGE_VERSION ""
| #define PACKAGE_STRING ""
| #define PACKAGE_BUGREPORT ""
| #define HAVE_LIBXML 1
| #define HAVE_SWPRINTF 1
| #define HAVE_SDO 1
| /* end confdefs.h.  */
| #include <ac_nonexistent.h>
configure:5176: result: g++ -E
configure:5205: g++ -E  conftest.cpp
configure:5212: $? = 0
configure:5243: g++ -E  conftest.cpp
conftest.cpp:11:28: error: ac_nonexistent.h: No such file or directory
configure:5250: $? = 1
configure: failed program was:
| /* confdefs.h.  */
| #define PACKAGE_NAME ""
| #define PACKAGE_TARNAME ""
| #define PACKAGE_VERSION ""
| #define PACKAGE_STRING ""
| #define PACKAGE_BUGREPORT ""
| #define HAVE_LIBXML 1
| #define HAVE_SWPRINTF 1
| #define HAVE_SDO 1
| /* end confdefs.h.  */
| #include <ac_nonexistent.h>
configure:5826: checking for a sed that does not truncate output
configure:5892: result: /bin/sed
configure:5910: checking for fgrep
configure:5974: result: /bin/grep -F
configure:6009: checking for ld used by cc
configure:6076: result: /usr/bin/ld
configure:6085: checking if the linker (/usr/bin/ld) is GNU ld
configure:6100: result: yes
configure:6112: checking for BSD- or MS-compatible name lister (nm)
configure:6161: result: /usr/bin/nm -B
configure:6279: checking the name lister (/usr/bin/nm -B) interface
configure:6286: cc -c -g -O2  conftest.c >&5
configure:6289: /usr/bin/nm -B "conftest.o"
configure:6292: output
0000000000000000 B some_variable
configure:6299: result: BSD nm
configure:6302: checking whether ln -s works
configure:6306: result: yes
configure:6314: checking the maximum length of command line arguments
configure:6434: result: 1966080
configure:6451: checking whether the shell understands some XSI constructs
configure:6461: result: yes
configure:6465: checking whether the shell understands "+="
configure:6471: result: yes
configure:6506: checking for /usr/bin/ld option to reload object files
configure:6513: result: -r
configure:6582: checking for objdump
configure:6598: found /usr/bin/objdump
configure:6609: result: objdump
configure:6641: checking how to recognize dependent libraries
configure:6837: result: pass_all
configure:6897: checking for ar
configure:6913: found /usr/bin/ar
configure:6924: result: ar
configure:7002: checking for strip
configure:7018: found /usr/bin/strip
configure:7029: result: strip
configure:7101: checking for ranlib
configure:7117: found /usr/bin/ranlib
configure:7128: result: ranlib
configure:7218: checking command to parse /usr/bin/nm -B output from cc object
configure:7336: cc -c -g -O2  conftest.c >&5
configure:7339: $? = 0
configure:7343: /usr/bin/nm -B conftest.o \| sed -n -e 's/^.*[	 ]\([ABCDGIRSTW][ABCDGIRSTW]*\)[	 ][	 ]*\([_A-Za-z][_A-Za-z0-9]*\)$/\1 \2 \2/p' \> conftest.nm
configure:7346: $? = 0
configure:7400: cc -o conftest -g -O2   conftest.c conftstm.o >&5
configure:7403: $? = 0
configure:7441: result: ok
configure:7536: cc -c -g -O2  conftest.c >&5
configure:7539: $? = 0
configure:8302: checking for ANSI C header files
configure:8332: cc -c -g -O2  conftest.c >&5
configure:8339: $? = 0
configure:8438: cc -o conftest -g -O2   conftest.c -lstdc++  >&5
configure:8442: $? = 0
configure:8448: ./conftest
configure:8452: $? = 0
configure:8470: result: yes
configure:8494: checking for sys/types.h
configure:8515: cc -c -g -O2  conftest.c >&5
configure:8522: $? = 0
configure:8539: result: yes
configure:8494: checking for sys/stat.h
configure:8515: cc -c -g -O2  conftest.c >&5
configure:8522: $? = 0
configure:8539: result: yes
configure:8494: checking for stdlib.h
configure:8515: cc -c -g -O2  conftest.c >&5
configure:8522: $? = 0
configure:8539: result: yes
configure:8494: checking for string.h
configure:8515: cc -c -g -O2  conftest.c >&5
configure:8522: $? = 0
configure:8539: result: yes
configure:8494: checking for memory.h
configure:8515: cc -c -g -O2  conftest.c >&5
configure:8522: $? = 0
configure:8539: result: yes
configure:8494: checking for strings.h
configure:8515: cc -c -g -O2  conftest.c >&5
configure:8522: $? = 0
configure:8539: result: yes
configure:8494: checking for inttypes.h
configure:8515: cc -c -g -O2  conftest.c >&5
configure:8522: $? = 0
configure:8539: result: yes
configure:8494: checking for stdint.h
configure:8515: cc -c -g -O2  conftest.c >&5
configure:8522: $? = 0
configure:8539: result: yes
configure:8494: checking for unistd.h
configure:8515: cc -c -g -O2  conftest.c >&5
configure:8522: $? = 0
configure:8539: result: yes
configure:8557: checking for dlfcn.h
configure:8578: cc -c -g -O2  conftest.c >&5
configure:8585: $? = 0
configure:8602: result: yes
configure:8729: checking for C++ compiler version
configure:8737: g++ --version >&5
g++ (GCC) 4.4.7 20120313 (Red Hat 4.4.7-3)
Copyright (C) 2010 Free Software Foundation, Inc.
This is free software; see the source for copying conditions.  There is NO
warranty; not even for MERCHANTABILITY or FITNESS FOR A PARTICULAR PURPOSE.

configure:8741: $? = 0
configure:8748: g++ -v >&5
Using built-in specs.
Target: x86_64-redhat-linux
Configured with: ../configure --prefix=/usr --mandir=/usr/share/man --infodir=/usr/share/info --with-bugurl=http://bugzilla.redhat.com/bugzilla --enable-bootstrap --enable-shared --enable-threads=posix --enable-checking=release --with-system-zlib --enable-__cxa_atexit --disable-libunwind-exceptions --enable-gnu-unique-object --enable-languages=c,c++,objc,obj-c++,java,fortran,ada --enable-java-awt=gtk --disable-dssi --with-java-home=/usr/lib/jvm/java-1.5.0-gcj-1.5.0.0/jre --enable-libgcj-multifile --enable-java-maintainer-mode --with-ecj-jar=/usr/share/java/eclipse-ecj.jar --disable-libjava-multilib --with-ppl --with-cloog --with-tune=generic --with-arch_32=i686 --build=x86_64-redhat-linux
Thread model: posix
gcc version 4.4.7 20120313 (Red Hat 4.4.7-3) (GCC) 
configure:8752: $? = 0
configure:8759: g++ -V >&5
g++: '-V' option must have argument
configure:8763: $? = 1
configure:8766: checking whether we are using the GNU C++ compiler
configure:8819: result: yes
configure:8828: checking whether g++ accepts -g
configure:8966: result: yes
configure:8997: checking how to run the C++ preprocessor
configure:9111: result: g++ -E
configure:9140: g++ -E  conftest.cpp
configure:9147: $? = 0
configure:9178: g++ -E  conftest.cpp
conftest.cpp:23:28: error: ac_nonexistent.h: No such file or directory
configure:9185: $? = 1
configure: failed program was:
| /* confdefs.h.  */
| #define PACKAGE_NAME ""
| #define PACKAGE_TARNAME ""
| #define PACKAGE_VERSION ""
| #define PACKAGE_STRING ""
| #define PACKAGE_BUGREPORT ""
| #define HAVE_LIBXML 1
| #define HAVE_SWPRINTF 1
| #define HAVE_SDO 1
| #define COMPILE_DL_SDO 1
| #define STDC_HEADERS 1
| #define HAVE_SYS_TYPES_H 1
| #define HAVE_SYS_STAT_H 1
| #define HAVE_STDLIB_H 1
| #define HAVE_STRING_H 1
| #define HAVE_MEMORY_H 1
| #define HAVE_STRINGS_H 1
| #define HAVE_INTTYPES_H 1
| #define HAVE_STDINT_H 1
| #define HAVE_UNISTD_H 1
| #define HAVE_DLFCN_H 1
| /* end confdefs.h.  */
| #include <ac_nonexistent.h>
configure:9399: checking for objdir
configure:9414: result: .libs
configure:9710: checking if cc supports -fno-rtti -fno-exceptions
configure:9728: cc -c -g -O2  -fno-rtti -fno-exceptions conftest.c >&5
cc1: warning: command line option "-fno-rtti" is valid for C++/ObjC++ but not for C
configure:9732: $? = 0
configure:9745: result: no
configure:9765: checking for cc option to produce PIC
configure:10037: result: -fPIC -DPIC
configure:10049: checking if cc PIC flag -fPIC -DPIC works
configure:10067: cc -c -g -O2  -fPIC -DPIC -DPIC conftest.c >&5
configure:10071: $? = 0
configure:10084: result: yes
configure:10108: checking if cc static flag -static works
configure:10136: result: no
configure:10151: checking if cc supports -c -o file.o
configure:10172: cc -c -g -O2  -o out/conftest2.o conftest.c >&5
configure:10176: $? = 0
configure:10198: result: yes
configure:10206: checking if cc supports -c -o file.o
configure:10253: result: yes
configure:10286: checking whether the cc linker (/usr/bin/ld -m elf_x86_64) supports shared libraries
configure:11360: result: yes
configure:11397: checking whether -lc should be explicitly linked in
configure:11402: cc -c -g -O2  conftest.c >&5
configure:11405: $? = 0
configure:11420: cc -shared conftest.o  -v -Wl,-soname -Wl,conftest -o conftest 2\>\&1 \| /bin/grep  -lc  \>/dev/null 2\>\&1
configure:11423: $? = 0
configure:11435: result: no
configure:11599: checking dynamic linker characteristics
configure:12042: cc -o conftest -g -O2   -Wl,-rpath -Wl,/foo conftest.c -lstdc++  >&5
configure:12049: $? = 0
configure:12285: result: GNU/Linux ld.so
configure:12387: checking how to hardcode library paths into programs
configure:12412: result: immediate
configure:13245: checking whether stripping libraries is possible
configure:13250: result: yes
configure:13285: checking if libtool supports shared libraries
configure:13287: result: yes
configure:13290: checking whether to build shared libraries
configure:13311: result: yes
configure:13314: checking whether to build static libraries
configure:13318: result: no
configure:13468: checking for ld used by g++
configure:13535: result: /usr/bin/ld -m elf_x86_64
configure:13544: checking if the linker (/usr/bin/ld -m elf_x86_64) is GNU ld
configure:13559: result: yes
configure:13614: checking whether the g++ linker (/usr/bin/ld -m elf_x86_64) supports shared libraries
configure:14589: result: yes
configure:14617: g++ -c -g -O2  conftest.cpp >&5
configure:14620: $? = 0
configure:14802: checking for g++ option to produce PIC
configure:15119: result: -fPIC -DPIC
configure:15128: checking if g++ PIC flag -fPIC -DPIC works
configure:15146: g++ -c -g -O2  -fPIC -DPIC -DPIC conftest.cpp >&5
configure:15150: $? = 0
configure:15163: result: yes
configure:15184: checking if g++ static flag -static works
configure:15212: result: no
configure:15224: checking if g++ supports -c -o file.o
configure:15245: g++ -c -g -O2  -o out/conftest2.o conftest.cpp >&5
configure:15249: $? = 0
configure:15271: result: yes
configure:15276: checking if g++ supports -c -o file.o
configure:15323: result: yes
configure:15353: checking whether the g++ linker (/usr/bin/ld -m elf_x86_64) supports shared libraries
configure:15379: result: yes
configure:15516: checking dynamic linker characteristics
configure:15907: g++ -o conftest -g -O2   -Wl,-rpath -Wl,/foo conftest.cpp -lstdc++  >&5
configure:15914: $? = 0
configure:16150: result: GNU/Linux ld.so
configure:16201: checking how to hardcode library paths into programs
configure:16226: result: immediate
configure:16511: creating ./config.status

## ---------------------- ##
## Running config.status. ##
## ---------------------- ##

This file was extended by config.status, which was
generated by GNU Autoconf 2.63.  Invocation command line was

  CONFIG_FILES    = 
  CONFIG_HEADERS  = 
  CONFIG_LINKS    = 
  CONFIG_COMMANDS = 
  $ ./config.status 

on mdws2.mdwestserve.com

config.status:859: creating config.h
config.status:1011: executing libtool commands

## ---------------- ##
## Cache variables. ##
## ---------------- ##

ac_cv_build=x86_64-unknown-linux-gnu
ac_cv_c_compiler_gnu=yes
ac_cv_cxx_compiler_gnu=yes
ac_cv_env_CCC_set=
ac_cv_env_CCC_value=
ac_cv_env_CC_set=
ac_cv_env_CC_value=
ac_cv_env_CFLAGS_set=
ac_cv_env_CFLAGS_value=
ac_cv_env_CPPFLAGS_set=
ac_cv_env_CPPFLAGS_value=
ac_cv_env_CPP_set=
ac_cv_env_CPP_value=
ac_cv_env_CXXCPP_set=
ac_cv_env_CXXCPP_value=
ac_cv_env_CXXFLAGS_set=
ac_cv_env_CXXFLAGS_value=
ac_cv_env_CXX_set=
ac_cv_env_CXX_value=
ac_cv_env_LDFLAGS_set=
ac_cv_env_LDFLAGS_value=
ac_cv_env_LIBS_set=
ac_cv_env_LIBS_value=
ac_cv_env_build_alias_set=
ac_cv_env_build_alias_value=
ac_cv_env_host_alias_set=
ac_cv_env_host_alias_value=
ac_cv_env_target_alias_set=
ac_cv_env_target_alias_value=
ac_cv_func_swprintf=yes
ac_cv_header_dlfcn_h=yes
ac_cv_header_inttypes_h=yes
ac_cv_header_memory_h=yes
ac_cv_header_stdc=yes
ac_cv_header_stdint_h=yes
ac_cv_header_stdlib_h=yes
ac_cv_header_string_h=yes
ac_cv_header_strings_h=yes
ac_cv_header_sys_stat_h=yes
ac_cv_header_sys_types_h=yes
ac_cv_header_unistd_h=yes
ac_cv_host=x86_64-unknown-linux-gnu
ac_cv_objext=o
ac_cv_path_EGREP='/bin/grep -E'
ac_cv_path_FGREP='/bin/grep -F'
ac_cv_path_GREP=/bin/grep
ac_cv_path_SED=/bin/sed
ac_cv_php_xml2_config_path=/usr/bin/xml2-config
ac_cv_prog_AWK=gawk
ac_cv_prog_CPP='cc -E'
ac_cv_prog_CXXCPP='g++ -E'
ac_cv_prog_ac_ct_AR=ar
ac_cv_prog_ac_ct_CC=cc
ac_cv_prog_ac_ct_CXX=g++
ac_cv_prog_ac_ct_OBJDUMP=objdump
ac_cv_prog_ac_ct_RANLIB=ranlib
ac_cv_prog_ac_ct_STRIP=strip
ac_cv_prog_cc_c89=
ac_cv_prog_cc_cc_c_o=yes
ac_cv_prog_cc_g=yes
ac_cv_prog_cxx_g=yes
ac_cv_target=x86_64-unknown-linux-gnu
lt_cv_deplibs_check_method=pass_all
lt_cv_file_magic_cmd='$MAGIC_CMD'
lt_cv_file_magic_test_file=
lt_cv_ld_reload_flag=-r
lt_cv_nm_interface='BSD nm'
lt_cv_objdir=.libs
lt_cv_path_LD=/usr/bin/ld
lt_cv_path_LDCXX='/usr/bin/ld -m elf_x86_64'
lt_cv_path_NM='/usr/bin/nm -B'
lt_cv_prog_compiler_c_o=yes
lt_cv_prog_compiler_c_o_CXX=yes
lt_cv_prog_compiler_pic_works=yes
lt_cv_prog_compiler_pic_works_CXX=yes
lt_cv_prog_compiler_rtti_exceptions=no
lt_cv_prog_compiler_static_works=no
lt_cv_prog_compiler_static_works_CXX=no
lt_cv_prog_gnu_ld=yes
lt_cv_prog_gnu_ldcxx=yes
lt_cv_sys_global_symbol_pipe='sed -n -e '\''s/^.*[	 ]\([ABCDGIRSTW][ABCDGIRSTW]*\)[	 ][	 ]*\([_A-Za-z][_A-Za-z0-9]*\)$/\1 \2 \2/p'\'''
lt_cv_sys_global_symbol_to_c_name_address='sed -n -e '\''s/^: \([^ ]*\) $/  {\"\1\", (void *) 0},/p'\'' -e '\''s/^[ABCDGIRSTW]* \([^ ]*\) \([^ ]*\)$/  {"\2", (void *) \&\2},/p'\'''
lt_cv_sys_global_symbol_to_c_name_address_lib_prefix='sed -n -e '\''s/^: \([^ ]*\) $/  {\"\1\", (void *) 0},/p'\'' -e '\''s/^[ABCDGIRSTW]* \([^ ]*\) \(lib[^ ]*\)$/  {"\2", (void *) \&\2},/p'\'' -e '\''s/^[ABCDGIRSTW]* \([^ ]*\) \([^ ]*\)$/  {"lib\2", (void *) \&\2},/p'\'''
lt_cv_sys_global_symbol_to_cdecl='sed -n -e '\''s/^T .* \(.*\)$/extern int \1();/p'\'' -e '\''s/^[ABCDGIRSTW]* .* \(.*\)$/extern char \1;/p'\'''
lt_cv_sys_max_cmd_len=1966080
php_cv_cc_dashr=no
php_cv_cc_rpath=yes
php_cv_libxml_build_works=yes

## ----------------- ##
## Output variables. ##
## ----------------- ##

AR='ar'
AWK='gawk'
CC='cc'
CFLAGS='-g -O2'
CONFIGURE_COMMAND=' '\''./configure'\'' '
CONFIGURE_OPTIONS=''
CPP='cc -E'
CPPFLAGS=' -DHAVE_CONFIG_H'
CXX='g++'
CXXCPP='g++ -E'
CXXFLAGS='-g -O2'
DEFS='-DHAVE_CONFIG_H'
DSYMUTIL=''
DUMPBIN=''
ECHO_C=''
ECHO_N='-n'
ECHO_T=''
EGREP='/bin/grep -E'
EXEEXT=''
FGREP='/bin/grep -F'
GREP='/bin/grep'
LD='/usr/bin/ld -m elf_x86_64'
LDFLAGS=''
LIBOBJS=''
LIBS='-lstdc++ '
LIBTOOL='$(SHELL) $(top_builddir)/libtool'
LIPO=''
LN_S='ln -s'
LTLIBOBJS=''
NM='/usr/bin/nm -B'
NMEDIT=''
OBJDUMP='objdump'
OBJEXT='o'
OTOOL64=''
OTOOL=''
PACKAGE_BUGREPORT=''
PACKAGE_NAME=''
PACKAGE_STRING=''
PACKAGE_TARNAME=''
PACKAGE_VERSION=''
PATH_SEPARATOR=':'
RANLIB='ranlib'
RE2C='exit 0;'
SED='/bin/sed'
SHELL='/bin/sh'
SHLIB_DL_SUFFIX_NAME='so'
SHLIB_SUFFIX_NAME='so'
STRIP='strip'
ac_ct_CC='cc'
ac_ct_CXX='g++'
ac_ct_DUMPBIN=''
bindir='${exec_prefix}/bin'
build='x86_64-unknown-linux-gnu'
build_alias=''
build_cpu='x86_64'
build_os='linux-gnu'
build_vendor='unknown'
datadir='${datarootdir}'
datarootdir='${prefix}/share'
docdir='${datarootdir}/doc/${PACKAGE}'
dvidir='${docdir}'
exec_prefix='$(prefix)'
host='x86_64-unknown-linux-gnu'
host_alias='x86_64-unknown-linux-gnu'
host_cpu='x86_64'
host_os='linux-gnu'
host_vendor='unknown'
htmldir='${docdir}'
includedir='${prefix}/include'
infodir='${datarootdir}/info'
libdir='${exec_prefix}/lib'
libexecdir='${exec_prefix}/libexec'
localedir='${datarootdir}/locale'
localstatedir='${prefix}/var'
lt_ECHO='echo'
mandir='${datarootdir}/man'
oldincludedir='/usr/include'
pdfdir='${docdir}'
prefix='/usr'
program_transform_name='s,x,x,'
psdir='${docdir}'
sbindir='${exec_prefix}/sbin'
sharedstatedir='${prefix}/com'
sysconfdir='${prefix}/etc'
target='x86_64-unknown-linux-gnu'
target_alias=''
target_cpu='x86_64'
target_os='linux-gnu'
target_vendor='unknown'

## ----------- ##
## confdefs.h. ##
## ----------- ##

#define PACKAGE_NAME ""
#define PACKAGE_TARNAME ""
#define PACKAGE_VERSION ""
#define PACKAGE_STRING ""
#define PACKAGE_BUGREPORT ""
#define HAVE_LIBXML 1
#define HAVE_SWPRINTF 1
#define HAVE_SDO 1
#define COMPILE_DL_SDO 1
#define STDC_HEADERS 1
#define HAVE_SYS_TYPES_H 1
#define HAVE_SYS_STAT_H 1
#define HAVE_STDLIB_H 1
#define HAVE_STRING_H 1
#define HAVE_MEMORY_H 1
#define HAVE_STRINGS_H 1
#define HAVE_INTTYPES_H 1
#define HAVE_STDINT_H 1
#define HAVE_UNISTD_H 1
#define HAVE_DLFCN_H 1
#define LT_OBJDIR ".libs/"

configure: exit 0
